<?xml version="1.0" encoding="UTF-8"?>
<!-- Generated by org.testng.reporters.JUnitXMLReporter -->
<testsuite ignored="0" hostname="DESKTOP-9JU3N4G" failures="1" tests="1" name="Test" time="22.552" errors="0" timestamp="2023-06-21T12:40:05 IST">
  <testcase classname="testCases.GoogleLoginTest" name="GoogleLogintest" time="18.303">
    <failure type="java.lang.AssertionError" message="null">
      <![CDATA[java.lang.AssertionError: null
at testCases.GoogleLoginTest.GoogleLogintest(GoogleLoginTest.java:34)
at java.base/java.util.ArrayList.forEach(ArrayList.java:1511)
... Removed 27 stack frames]]>
    </failure>
  </testcase> <!-- GoogleLogintest -->
</testsuite> <!-- Test -->
