<?xml version="1.0" encoding="UTF-8"?>
<!-- Generated by org.testng.reporters.JUnitXMLReporter -->
<testsuite ignored="0" hostname="DESKTOP-9JU3N4G" failures="1" tests="1" name="Test(failed)" time="4.061" errors="0" timestamp="2023-06-20T15:41:57 IST">
  <testcase classname="testCases.GoogleLoginTest" name="GoogleLogintest" time="0.063">
    <failure type="java.lang.AssertionError" message="null">
      <![CDATA[java.lang.AssertionError: null
at testCases.GoogleLoginTest.GoogleLogintest(GoogleLoginTest.java:28)
at java.base/java.util.ArrayList.forEach(ArrayList.java:1511)
... Removed 27 stack frames]]>
    </failure>
  </testcase> <!-- GoogleLogintest -->
</testsuite> <!-- Test(failed) -->
