<?xml version="1.0" encoding="UTF-8"?>
<testng-results ignored="0" total="1" passed="1" failed="0" skipped="0">
  <reporter-output>
  </reporter-output>
  <suite started-at="2023-06-26T10:29:36 IST" name="Suite" finished-at="2023-06-26T10:30:05 IST" duration-ms="28850">
    <groups>
    </groups>
    <test started-at="2023-06-26T10:29:36 IST" name="Test" finished-at="2023-06-26T10:30:05 IST" duration-ms="28850">
      <class name="testCases.FacebookLoginTest">
        <test-method is-config="true" signature="setup(java.lang.String)[pri:0, instance:testCases.FacebookLoginTest@32502377]" started-at="2023-06-26T10:29:36 IST" name="setup" finished-at="2023-06-26T10:29:42 IST" duration-ms="5347" status="PASS">
          <params>
            <param index="0">
              <value>
                <![CDATA[chrome]]>
              </value>
            </param>
          </params>
          <reporter-output>
          </reporter-output>
        </test-method> <!-- setup -->
        <test-method signature="facebookLogintest()[pri:0, instance:testCases.FacebookLoginTest@32502377]" started-at="2023-06-26T10:29:42 IST" name="facebookLogintest" finished-at="2023-06-26T10:30:05 IST" duration-ms="22982" status="PASS">
          <reporter-output>
          </reporter-output>
        </test-method> <!-- facebookLogintest -->
        <test-method is-config="true" signature="teardown()[pri:0, instance:testCases.FacebookLoginTest@32502377]" started-at="2023-06-26T10:30:05 IST" name="teardown" finished-at="2023-06-26T10:30:05 IST" duration-ms="189" status="PASS">
          <reporter-output>
          </reporter-output>
        </test-method> <!-- teardown -->
      </class> <!-- testCases.FacebookLoginTest -->
    </test> <!-- Test -->
  </suite> <!-- Suite -->
</testng-results>
